# JRE version: OpenJDK Runtime Environment (8.0_76-b03) (build 1.8.0_76-release-b03)
# Java VM: OpenJDK 64-Bit Server VM (25.76-b03 mixed mode windows-amd64 compressed oops)
Heap:
 PSYoungGen      total 230400K, used 74965K [0x00000000e0000000, 0x00000000f4480000, 0x0000000100000000)
  eden space 224768K, 33% used [0x00000000e0000000,0x00000000e4935478,0x00000000edb80000)
  from space 5632K, 0% used [0x00000000edb80000,0x00000000edb80000,0x00000000ee100000)
  to   space 53760K, 0% used [0x00000000f1000000,0x00000000f1000000,0x00000000f4480000)
 ParOldGen       total 185856K, used 32904K [0x00000000a0000000, 0x00000000ab580000, 0x00000000e0000000)
  object space 185856K, 17% used [0x00000000a0000000,0x00000000a2022358,0x00000000ab580000)
 Metaspace       used 69209K, capacity 72334K, committed 72472K, reserved 1112064K
  class space    used 8720K, capacity 9155K, committed 9264K, reserved 1048576K
GC Heap History (10 events):
Event: 3214.979 GC heap before
{Heap before GC invocations=38 (full 9):
 PSYoungGen      total 258048K, used 148578K [0x00000000e0000000, 0x00000000f5280000, 0x0000000100000000)
  eden space 197120K, 72% used [0x00000000e0000000,0x00000000e8c00b40,0x00000000ec080000)
  from space 60928K, 8% used [0x00000000efa80000,0x00000000eff98040,0x00000000f3600000)
  to   space 59392K, 0% used [0x00000000ec080000,0x00000000ec080000,0x00000000efa80000)
 ParOldGen       total 185856K, used 28778K [0x00000000a0000000, 0x00000000ab580000, 0x00000000e0000000)
  object space 185856K, 15% used [0x00000000a0000000,0x00000000a1c1a8a8,0x00000000ab580000)
 Metaspace       used 68678K, capacity 71150K, committed 71704K, reserved 1112064K
  class space    used 8652K, capacity 9055K, committed 9264K, reserved 1048576K
Event: 3214.987 GC heap after
Heap after GC invocations=38 (full 9):
 PSYoungGen      total 256512K, used 5693K [0x00000000e0000000, 0x00000000f4f80000, 0x0000000100000000)
  eden space 197120K, 0% used [0x00000000e0000000,0x00000000e0000000,0x00000000ec080000)
  from space 59392K, 9% used [0x00000000ec080000,0x00000000ec60f5c8,0x00000000efa80000)
  to   space 57856K, 0% used [0x00000000f1700000,0x00000000f1700000,0x00000000f4f80000)
 ParOldGen       total 185856K, used 28786K [0x00000000a0000000, 0x00000000ab580000, 0x00000000e0000000)
  object space 185856K, 15% used [0x00000000a0000000,0x00000000a1c1c8a8,0x00000000ab580000)
 Metaspace       used 68678K, capacity 71150K, committed 71704K, reserved 1112064K
  class space    used 8652K, capacity 9055K, committed 9264K, reserved 1048576K
}
Event: 3214.987 GC heap before
{Heap before GC invocations=39 (full 10):
 PSYoungGen      total 256512K, used 5693K [0x00000000e0000000, 0x00000000f4f80000, 0x0000000100000000)
  eden space 197120K, 0% used [0x00000000e0000000,0x00000000e0000000,0x00000000ec080000)
  from space 59392K, 9% used [0x00000000ec080000,0x00000000ec60f5c8,0x00000000efa80000)
  to   space 57856K, 0% used [0x00000000f1700000,0x00000000f1700000,0x00000000f4f80000)
 ParOldGen       total 185856K, used 28786K [0x00000000a0000000, 0x00000000ab580000, 0x00000000e0000000)
  object space 185856K, 15% used [0x00000000a0000000,0x00000000a1c1c8a8,0x00000000ab580000)
 Metaspace       used 68678K, capacity 71150K, committed 71704K, reserved 1112064K
  class space    used 8652K, capacity 9055K, committed 9264K, reserved 1048576K
Event: 3215.255 GC heap after
Heap after GC invocations=39 (full 10):
 PSYoungGen      total 256512K, used 0K [0x00000000e0000000, 0x00000000f4f80000, 0x0000000100000000)
  eden space 197120K, 0% used [0x00000000e0000000,0x00000000e0000000,0x00000000ec080000)
  from space 59392K, 0% used [0x00000000ec080000,0x00000000ec080000,0x00000000efa80000)
  to   space 57856K, 0% used [0x00000000f1700000,0x00000000f1700000,0x00000000f4f80000)
 ParOldGen       total 185856K, used 30382K [0x00000000a0000000, 0x00000000ab580000, 0x00000000e0000000)
  object space 185856K, 16% used [0x00000000a0000000,0x00000000a1daba40,0x00000000ab580000)
 Metaspace       used 68450K, capacity 70820K, committed 71704K, reserved 1112064K
  class space    used 8577K, capacity 8958K, committed 9264K, reserved 1048576K
}
Event: 3331.132 GC heap before
{Heap before GC invocations=40 (full 10):
 PSYoungGen      total 256512K, used 197120K [0x00000000e0000000, 0x00000000f4f80000, 0x0000000100000000)
  eden space 197120K, 100% used [0x00000000e0000000,0x00000000ec080000,0x00000000ec080000)
  from space 59392K, 0% used [0x00000000ec080000,0x00000000ec080000,0x00000000efa80000)
  to   space 57856K, 0% used [0x00000000f1700000,0x00000000f1700000,0x00000000f4f80000)
 ParOldGen       total 185856K, used 30382K [0x00000000a0000000, 0x00000000ab580000, 0x00000000e0000000)
  object space 185856K, 16% used [0x00000000a0000000,0x00000000a1daba40,0x00000000ab580000)
 Metaspace       used 69075K, capacity 72010K, committed 72216K, reserved 1112064K
  class space    used 8700K, capacity 9136K, committed 9264K, reserved 1048576K
Event: 3331.139 GC heap after
Heap after GC invocations=40 (full 10):
 PSYoungGen      total 275456K, used 4944K [0x00000000e0000000, 0x00000000f4880000, 0x0000000100000000)
  eden space 224768K, 0% used [0x00000000e0000000,0x00000000e0000000,0x00000000edb80000)
  from space 50688K, 9% used [0x00000000f1700000,0x00000000f1bd4030,0x00000000f4880000)
  to   space 55808K, 0% used [0x00000000edb80000,0x00000000edb80000,0x00000000f1200000)
 ParOldGen       total 185856K, used 30390K [0x00000000a0000000, 0x00000000ab580000, 0x00000000e0000000)
  object space 185856K, 16% used [0x00000000a0000000,0x00000000a1dada40,0x00000000ab580000)
 Metaspace       used 69075K, capacity 72010K, committed 72216K, reserved 1112064K
  class space    used 8700K, capacity 9136K, committed 9264K, reserved 1048576K
}
Event: 3337.864 GC heap before
{Heap before GC invocations=41 (full 10):
 PSYoungGen      total 275456K, used 207725K [0x00000000e0000000, 0x00000000f4880000, 0x0000000100000000)
  eden space 224768K, 90% used [0x00000000e0000000,0x00000000ec607478,0x00000000edb80000)
  from space 50688K, 9% used [0x00000000f1700000,0x00000000f1bd4030,0x00000000f4880000)
  to   space 55808K, 0% used [0x00000000edb80000,0x00000000edb80000,0x00000000f1200000)
 ParOldGen       total 185856K, used 30390K [0x00000000a0000000, 0x00000000ab580000, 0x00000000e0000000)
  object space 185856K, 16% used [0x00000000a0000000,0x00000000a1dada40,0x00000000ab580000)
 Metaspace       used 69213K, capacity 72242K, committed 72472K, reserved 1112064K
  class space    used 8729K, capacity 9167K, committed 9264K, reserved 1048576K
Event: 3337.873 GC heap after
Heap after GC invocations=41 (full 10):
 PSYoungGen      total 230400K, used 5264K [0x00000000e0000000, 0x00000000f4480000, 0x0000000100000000)
  eden space 224768K, 0% used [0x00000000e0000000,0x00000000e0000000,0x00000000edb80000)
  from space 5632K, 93% used [0x00000000edb80000,0x00000000ee0a4010,0x00000000ee100000)
  to   space 53760K, 0% used [0x00000000f1000000,0x00000000f1000000,0x00000000f4480000)
 ParOldGen       total 185856K, used 30398K [0x00000000a0000000, 0x00000000ab580000, 0x00000000e0000000)
  object space 185856K, 16% used [0x00000000a0000000,0x00000000a1dafa40,0x00000000ab580000)
 Metaspace       used 69213K, capacity 72242K, committed 72472K, reserved 1112064K
  class space    used 8729K, capacity 9167K, committed 9264K, reserved 1048576K
}
Event: 3337.873 GC heap before
{Heap before GC invocations=42 (full 11):
 PSYoungGen      total 230400K, used 5264K [0x00000000e0000000, 0x00000000f4480000, 0x0000000100000000)
  eden space 224768K, 0% used [0x00000000e0000000,0x00000000e0000000,0x00000000edb80000)
  from space 5632K, 93% used [0x00000000edb80000,0x00000000ee0a4010,0x00000000ee100000)
  to   space 53760K, 0% used [0x00000000f1000000,0x00000000f1000000,0x00000000f4480000)
 ParOldGen       total 185856K, used 30398K [0x00000000a0000000, 0x00000000ab580000, 0x00000000e0000000)
  object space 185856K, 16% used [0x00000000a0000000,0x00000000a1dafa40,0x00000000ab580000)
 Metaspace       used 69213K, capacity 72242K, committed 72472K, reserved 1112064K
  class space    used 8729K, capacity 9167K, committed 9264K, reserved 1048576K
Event: 3338.067 GC heap after
Heap after GC invocations=42 (full 11):
 PSYoungGen      total 230400K, used 0K [0x00000000e0000000, 0x00000000f4480000, 0x0000000100000000)
  eden space 224768K, 0% used [0x00000000e0000000,0x00000000e0000000,0x00000000edb80000)
  from space 5632K, 0% used [0x00000000edb80000,0x00000000edb80000,0x00000000ee100000)
  to   space 53760K, 0% used [0x00000000f1000000,0x00000000f1000000,0x00000000f4480000)
 ParOldGen       total 185856K, used 32904K [0x00000000a0000000, 0x00000000ab580000, 0x00000000e0000000)
  object space 185856K, 17% used [0x00000000a0000000,0x00000000a2022358,0x00000000ab580000)
 Metaspace       used 69160K, capacity 72182K, committed 72472K, reserved 1112064K
  class space    used 8712K, capacity 9147K, committed 9264K, reserved 1048576K
}

